<?xml version="1.0" encoding="UTF-8" ?>
<testsuite tests="4" failures="0" name="co.edu.unicauca.tallerpolimorfismo.modelo.ViajeTest" time="0.044" errors="0" skipped="0">
  <properties>
[...]
</properties>
  <testcase classname="co.edu.unicauca.tallerpolimorfismo.modelo.ViajeTest" name="testViajeIndividual" time="0.039"/>
  <testcase classname="co.edu.unicauca.tallerpolimorfismo.modelo.ViajeTest" name="testViajeTodoIncluido" time="0"/>
  <testcase classname="co.edu.unicauca.tallerpolimorfismo.modelo.ViajeTest" name="testViajeFamiliar" time="0.002"/>
  <testcase classname="co.edu.unicauca.tallerpolimorfismo.modelo.ViajeTest" name="testViajeIncentivo" time="0.003"/>
</testsuite>